
> ui5-upload-controls@2.0.2 build
> run-p -l build-app build-interface

[build-interface] 
[build-interface] > ui5-upload-controls@2.0.2 build-interface
[build-interface] > npx @ui5/ts-interface-generator
[build-interface] 
[build-app      ] 
[build-app      ] > ui5-upload-controls@2.0.2 build-app
[build-app      ] > ui5 build --config=ui5.dev.yaml --clean-dest --dest dist
[build-app      ] 
[build-app      ] info graph:helpers:ui5Framework Using SAPUI5 version: 1.136.0
[build-interface] Log level set to: info
[build-interface] Using the following TypeScript configuration file (automatically found, as none was given): ./tsconfig.json
[build-interface] Initializing TypeScript program with all source files and type definitions (this may take a few seconds)...
[build-interface] [2J[3J[H
[build-app      ] info ProjectBuilder Preparing build for project miyasuta.ui5uploadcontrols
[build-app      ] info ProjectBuilder   Target directory: dist
[build-app      ] info ProjectBuilder Processing 7 projects
[build-app      ] info ProjectBuilder Cleaning target directory...
[build-interface] 4:50:51 AM - Starting compilation...
[build-interface] 
[build-app      ] info Project 1 of 7: ❯ Building library project sap.ui.core...
[build-app      ] info sap.ui.core › Running task escapeNonAsciiCharacters...
[build-app      ] info sap.ui.core › Running task replaceCopyright...
[build-app      ] info sap.ui.core › Running task replaceVersion...
[build-app      ] info sap.ui.core › Running task replaceBuildtime...
[build-app      ] info sap.ui.core › Running task minify...
[build-interface] Run-once mode: running generation now.
[build-interface] Writing interface file: /Users/mio/projects/attachment-reuse-controls/ui5-upload-controls/src/miyasuta/ui5uploadcontrols/MultiFileUpload.gen.d.ts
[build-interface] 
[build-interface] 
[build-interface] Writing interface file: /Users/mio/projects/attachment-reuse-controls/ui5-upload-controls/src/miyasuta/ui5uploadcontrols/SingleFileUpload.gen.d.ts
[build-interface] 
[build-interface] 
[build-interface] 
[build-interface] 4:50:53 AM - Found 0 errors. 
[build-interface] 
[build-interface] 
[build-interface] Done. Exiting.
[build-app      ] info sap.ui.core › Running task generateLibraryManifest...
[build-app      ] info sap.ui.core › Running task enhanceManifest...
[build-app      ] info sap.ui.core › Running task generateLibraryPreload...
[build-app      ] info sap.ui.core › Running task generateBundle...
[build-app      ] info sap.ui.core › Running task buildThemes...
[build-app      ] info Project 2 of 7: ❯ Building library project sap.ui.layout...
[build-app      ] info sap.ui.layout › Running task escapeNonAsciiCharacters...
[build-app      ] info sap.ui.layout › Running task replaceCopyright...
[build-app      ] info sap.ui.layout › Running task replaceVersion...
[build-app      ] info sap.ui.layout › Running task replaceBuildtime...
[build-app      ] info sap.ui.layout › Running task minify...
[build-app      ] info sap.ui.layout › Running task generateLibraryManifest...
[build-app      ] info sap.ui.layout › Running task enhanceManifest...
[build-app      ] info sap.ui.layout › Running task generateLibraryPreload...
[build-app      ] info sap.ui.layout › Running task generateBundle...
[build-app      ] info sap.ui.layout › Running task buildThemes...
[build-app      ] info Project 3 of 7: ❯ Building library project sap.ui.unified...
[build-app      ] info sap.ui.unified › Running task escapeNonAsciiCharacters...
[build-app      ] info sap.ui.unified › Running task replaceCopyright...
[build-app      ] info sap.ui.unified › Running task replaceVersion...
[build-app      ] info sap.ui.unified › Running task replaceBuildtime...
[build-app      ] info sap.ui.unified › Running task minify...
[build-app      ] info sap.ui.unified › Running task generateLibraryManifest...
[build-app      ] info sap.ui.unified › Running task enhanceManifest...
[build-app      ] info sap.ui.unified › Running task generateLibraryPreload...
[build-app      ] info sap.ui.unified › Running task generateBundle...
[build-app      ] info sap.ui.unified › Running task buildThemes...
[build-app      ] info Project 4 of 7: ❯ Building library project sap.m...
[build-app      ] info sap.m › Running task escapeNonAsciiCharacters...
[build-app      ] info sap.m › Running task replaceCopyright...
[build-app      ] info sap.m › Running task replaceVersion...
[build-app      ] info sap.m › Running task replaceBuildtime...
[build-app      ] info sap.m › Running task minify...
[build-app      ] info sap.m › Running task generateLibraryManifest...
[build-app      ] info sap.m › Running task enhanceManifest...
[build-app      ] info sap.m › Running task generateLibraryPreload...
[build-app      ] info sap.m › Running task buildThemes...
[build-app      ] info Project 5 of 7: ❯ Building theme-library project themelib_sap_fiori_3...
[build-app      ] info themelib_sap_fiori_3 › Running task replaceCopyright...
[build-app      ] info themelib_sap_fiori_3 › Running task replaceVersion...
[build-app      ] info themelib_sap_fiori_3 › Running task buildThemes...
[build-app      ] info Project 6 of 7: ❯ Building library project sap.ui.export...
[build-app      ] info sap.ui.export › Running task escapeNonAsciiCharacters...
[build-app      ] info sap.ui.export › Running task replaceCopyright...
[build-app      ] info sap.ui.export › Running task replaceVersion...
[build-app      ] info sap.ui.export › Running task replaceBuildtime...
[build-app      ] info sap.ui.export › Running task minify...
[build-app      ] info sap.ui.export › Running task generateLibraryManifest...
[build-app      ] info sap.ui.export › Running task enhanceManifest...
[build-app      ] info sap.ui.export › Running task generateLibraryPreload...
[build-app      ] info sap.ui.export › Running task buildThemes...
[build-app      ] info Project 7 of 7: ❯ Building library project miyasuta.ui5uploadcontrols...
[build-app      ] info miyasuta.ui5uploadcontrols › Running task escapeNonAsciiCharacters...
[build-app      ] info miyasuta.ui5uploadcontrols › Running task replaceCopyright...
[build-app      ] info miyasuta.ui5uploadcontrols › Running task replaceVersion...
[build-app      ] info miyasuta.ui5uploadcontrols › Running task ui5-tooling-transpile-task...
[build-app      ] info builder:custom-task:ui5-tooling-transpile-task Create Babel configuration based on ui5.yaml configuration options...
[build-app      ] info builder:custom-task:ui5-tooling-transpile-task Using browserslist configuration from ui5.yaml...
[build-app      ] info builder:custom-task:ui5-tooling-transpile-task Transpiling resource /resources/miyasuta/ui5uploadcontrols/SingleFileUploadRenderer.ts
[build-app      ] info builder:custom-task:ui5-tooling-transpile-task Transpiling resource /resources/miyasuta/ui5uploadcontrols/SingleFileUpload.ts
[build-app      ] info builder:custom-task:ui5-tooling-transpile-task Transpiling resource /resources/miyasuta/ui5uploadcontrols/MultiFileUploadRenderer.ts
[build-app      ] info builder:custom-task:ui5-tooling-transpile-task Transpiling resource /resources/miyasuta/ui5uploadcontrols/MultiFileUpload.ts
[build-app      ] info builder:custom-task:ui5-tooling-transpile-task Transpiling resource /resources/miyasuta/ui5uploadcontrols/library.ts
[build-app      ] info builder:custom-task:ui5-tooling-transpile-task   + [.js] /resources/miyasuta/ui5uploadcontrols/SingleFileUploadRenderer.js
[build-app      ] info builder:custom-task:ui5-tooling-transpile-task   + [.js.map] /resources/miyasuta/ui5uploadcontrols/SingleFileUploadRenderer.js.map
[build-app      ] info builder:custom-task:ui5-tooling-transpile-task   + [.js] /resources/miyasuta/ui5uploadcontrols/SingleFileUpload.js
[build-app      ] info builder:custom-task:ui5-tooling-transpile-task   + [.js.map] /resources/miyasuta/ui5uploadcontrols/SingleFileUpload.js.map
[build-app      ] info builder:custom-task:ui5-tooling-transpile-task   + [.js] /resources/miyasuta/ui5uploadcontrols/MultiFileUploadRenderer.js
[build-app      ] info builder:custom-task:ui5-tooling-transpile-task   + [.js.map] /resources/miyasuta/ui5uploadcontrols/MultiFileUploadRenderer.js.map
[build-app      ] info builder:custom-task:ui5-tooling-transpile-task   + [.js] /resources/miyasuta/ui5uploadcontrols/MultiFileUpload.js
[build-app      ] info builder:custom-task:ui5-tooling-transpile-task   + [.js.map] /resources/miyasuta/ui5uploadcontrols/MultiFileUpload.js.map
[build-app      ] info builder:custom-task:ui5-tooling-transpile-task   + [.js] /resources/miyasuta/ui5uploadcontrols/library.js
[build-app      ] info builder:custom-task:ui5-tooling-transpile-task   + [.js.map] /resources/miyasuta/ui5uploadcontrols/library.js.map
[build-app      ] info builder:custom-task:ui5-tooling-transpile-task Enabling d.ts generation by default for library projects!
[build-app      ] info builder:custom-task:ui5-tooling-transpile-task   + [.d.ts.map] /resources/miyasuta/ui5uploadcontrols/SingleFileUpload.d.ts.map
[build-app      ] info builder:custom-task:ui5-tooling-transpile-task   + [.d.ts] /resources/miyasuta/ui5uploadcontrols/SingleFileUpload.d.ts
[build-app      ] info builder:custom-task:ui5-tooling-transpile-task   + [.d.ts.map] /resources/miyasuta/ui5uploadcontrols/SingleFileUploadRenderer.d.ts.map
[build-app      ] info builder:custom-task:ui5-tooling-transpile-task   + [.d.ts] /resources/miyasuta/ui5uploadcontrols/SingleFileUploadRenderer.d.ts
[build-app      ] info builder:custom-task:ui5-tooling-transpile-task   + [.d.ts.map] /resources/miyasuta/ui5uploadcontrols/MultiFileUpload.d.ts.map
[build-app      ] info builder:custom-task:ui5-tooling-transpile-task   + [.d.ts] /resources/miyasuta/ui5uploadcontrols/MultiFileUpload.d.ts
[build-app      ] info builder:custom-task:ui5-tooling-transpile-task   + [.d.ts.map] /resources/miyasuta/ui5uploadcontrols/MultiFileUploadRenderer.d.ts.map
[build-app      ] info builder:custom-task:ui5-tooling-transpile-task   + [.d.ts] /resources/miyasuta/ui5uploadcontrols/MultiFileUploadRenderer.d.ts
[build-app      ] info builder:custom-task:ui5-tooling-transpile-task   + [.d.ts.map] /resources/miyasuta/ui5uploadcontrols/library.d.ts.map
[build-app      ] info builder:custom-task:ui5-tooling-transpile-task   + [.d.ts] /resources/miyasuta/ui5uploadcontrols/library.d.ts
[build-app      ] info builder:custom-task:ui5-tooling-transpile-task   + [.d.ts] index.d.ts
[build-app      ] info miyasuta.ui5uploadcontrols › Running task replaceBuildtime...
[build-app      ] info miyasuta.ui5uploadcontrols › Running task minify...
[build-app      ] info miyasuta.ui5uploadcontrols › Running task generateLibraryManifest...
[build-app      ] info miyasuta.ui5uploadcontrols › Running task enhanceManifest...
[build-app      ] info miyasuta.ui5uploadcontrols › Running task generateLibraryPreload...
[build-app      ] info miyasuta.ui5uploadcontrols › Running task buildThemes...
[build-app      ] info ProjectBuilder Build succeeded in 9.27 s
[build-app      ] info ProjectBuilder Executing cleanup tasks...
